<?xml version="1.0" encoding="UTF-8"?>
<!-- Generated by org.testng.reporters.JUnitXMLReporter -->
<testsuite hostname="MacBook-Pro-mac" ignored="0" name="Login with correct creds" tests="1" failures="1" timestamp="2020-08-17T10:38:44 EEST" time="3.489" errors="0">
  <testcase name="PurchaseTest" time="0.0" classname="tests.FinalPurchase">
    <failure type="org.testng.TestNGException" message="
Parameter &amp;apos;userName&amp;apos; is required by @Test on method PurchaseTest but has not been marked @Optional or defined
in /Users/mac/eclipse-workspace/rozetkaTest/FewTests.xml">
      <![CDATA[org.testng.TestNGException: 
Parameter 'userName' is required by @Test on method PurchaseTest but has not been marked @Optional or defined
in /Users/mac/eclipse-workspace/rozetkaTest/FewTests.xml
at java.util.ArrayList.forEach(ArrayList.java:1257)
... Removed 26 stack frames]]>
    </failure>
  </testcase> <!-- PurchaseTest -->
</testsuite> <!-- Login with correct creds -->
